nohup: ignoring input

========================================
IoTDB 生产级集群后台部署开始
========================================

[2025-11-02 19:58:26] 部署日志: /data/workspace/tencent_CodeBuddy/aladdinsun/tools/iotdb/deployment_20251102_195826.log
[2025-11-02 19:58:26] 部署报告: /data/workspace/tencent_CodeBuddy/aladdinsun/tools/iotdb/deployment_report_20251102_195826.md

========================================
阶段 1/7: 环境检查
========================================

[2025-11-02 19:58:26] Java 版本: openjdk version "11.0.25" 2024-10-15 LTS
[2025-11-02 19:58:26] CPU 核心数: 64
[2025-11-02 19:58:26] 总内存: 247G
[2025-11-02 19:58:26] 可用磁盘空间: 1444G

========================================
阶段 2/7: 系统参数优化
========================================

[2025-11-02 19:58:26] 文件描述符限制: 65535

========================================
阶段 3/7: 创建目录结构
========================================

[2025-11-02 19:58:26] 目录结构创建完成

========================================
阶段 4/7: 下载 IoTDB
========================================

[2025-11-02 19:58:26] 正在下载 IoTDB 1.3.2...
